<?xml version="1.0" encoding="UTF-8"?>
<!-- Generated by org.testng.reporters.JUnitReportReporter -->
<testsuite hostname="Karishma-VAIO" failures="0" tests="5" name="com.Scenario1.LoginTest" time="20.145" errors="0" timestamp="2024-12-29T22:58:31 IST" skipped="0">
  <testcase classname="com.Scenario1.LoginTest" name="loginTest" time="6.301"/>
  <system-out/>
  <testcase classname="com.Scenario1.LoginTest" name="loginTest" time="4.404"/>
  <system-out/>
  <testcase classname="com.Scenario1.LoginTest" name="loginTest" time="2.615"/>
  <system-out/>
  <testcase classname="com.Scenario1.LoginTest" name="loginTest" time="4.430"/>
  <system-out/>
  <testcase classname="com.Scenario1.LoginTest" name="loginTest" time="2.395"/>
  <system-out/>
</testsuite> <!-- com.Scenario1.LoginTest -->
