<?xml version="1.0" encoding="UTF-8"?>
<!-- Generated by org.testng.reporters.JUnitReportReporter -->
<testsuite hostname="Karishma-VAIO" failures="0" tests="1" name="com.Scenario1.ExcelUtility" time="0.037" errors="0" timestamp="2024-12-28T13:19:07 IST" skipped="0">
  <testcase classname="com.Scenario1.ExcelUtility" name="f" time="0.037"/>
</testsuite> <!-- com.Scenario1.ExcelUtility -->
