<?xml version="1.0" encoding="UTF-8"?>
<!-- Generated by org.testng.reporters.JUnitReportReporter -->
<testsuite hostname="Karishma-VAIO" failures="0" tests="1" name="com.Scenario1.test" time="1.270" errors="0" timestamp="2024-12-29T15:01:51 IST" skipped="0">
  <testcase classname="com.Scenario1.test" name="readExcelFile" time="1.270"/>
  <system-out/>
</testsuite> <!-- com.Scenario1.test -->
